<?xml version="1.0" encoding="UTF-8"?>
<!-- Generated by org.testng.reporters.JUnitReportReporter -->
<testsuite hostname="Krupal_Chavda" failures="0" tests="3" name="testcases.CarNameAndPriceTest" time="18.336" errors="0" timestamp="2025-02-01T14:11:16 IST" skipped="0">
  <testcase classname="testcases.CarNameAndPriceTest" name="carNameAndPrice" time="4.797"/>
  <testcase classname="testcases.CarNameAndPriceTest" name="carNameAndPrice" time="7.120"/>
  <testcase classname="testcases.CarNameAndPriceTest" name="carNameAndPrice" time="6.419"/>
</testsuite> <!-- testcases.CarNameAndPriceTest -->
