<?xml version="1.0" encoding="UTF-8"?>
<!-- Generated by org.testng.reporters.JUnitReportReporter -->
<testsuite hostname="Krupal_Chavda" failures="0" tests="1" name="com.kbc.testcases.LoginTest" time="0.235" errors="0" timestamp="2024-08-03T13:33:03 IST" skipped="0">
  <testcase classname="com.kbc.testcases.LoginTest" name="loginAsBankManager" time="0.235"/>
</testsuite> <!-- com.kbc.testcases.LoginTest -->
