<?xml version="1.0" encoding="UTF-8"?>
<!-- Generated by org.testng.reporters.JUnitReportReporter -->
<testsuite hostname="Krupal_Chavda" failures="0" tests="1" name="com.kbc.testcases.AddCustomerTest" time="1.010" errors="0" timestamp="2024-08-10T08:39:47 IST" skipped="0">
  <testcase classname="com.kbc.testcases.AddCustomerTest" name="addCustomerTest" time="1.010"/>
</testsuite> <!-- com.kbc.testcases.AddCustomerTest -->
