<?xml version="1.0" encoding="UTF-8"?>
<!-- Generated by org.testng.reporters.JUnitReportReporter -->
<testsuite hostname="Krupal_Chavda" failures="0" tests="3" name="testcases.FindNewCarTest" time="23.029" errors="0" timestamp="01 Feb 2025 07:36:09 GMT" skipped="0">
  <testcase classname="testcases.FindNewCarTest" name="findNewCar" time="6.522"/>
  <testcase classname="testcases.FindNewCarTest" name="findNewCar" time="6.306"/>
  <testcase classname="testcases.FindNewCarTest" name="findNewCar" time="10.201"/>
</testsuite> <!-- testcases.FindNewCarTest -->
