<?xml version="1.0" encoding="UTF-8"?>
<!-- Generated by org.testng.reporters.JUnitReportReporter -->
<testsuite hostname="Krupal_Chavda" failures="0" tests="3" name="testcases.CarNameAndPriceTest" time="20.239" errors="0" timestamp="01 Feb 2025 07:54:19 GMT" skipped="0">
  <testcase classname="testcases.CarNameAndPriceTest" name="carNameAndPrice" time="5.753"/>
  <testcase classname="testcases.CarNameAndPriceTest" name="carNameAndPrice" time="6.933"/>
  <testcase classname="testcases.CarNameAndPriceTest" name="carNameAndPrice" time="7.553"/>
</testsuite> <!-- testcases.CarNameAndPriceTest -->
